2026-07-17 08:24:34.695  INFO --- [  restartedMain] c.f.postservice.PostServiceApplication   : Starting PostServiceApplication using Java 21.0.11 with PID 13748 (D:\Workspace\Fsocial\fsocial_backend\target\classes started by cangn in D:\Workspace\Fsocial\fsocial_backend)
2026-07-17 08:24:34.697 DEBUG --- [  restartedMain] c.f.postservice.PostServiceApplication   : Running with Spring Boot v3.4.1, Spring v6.2.1
2026-07-17 08:24:34.697  INFO --- [  restartedMain] c.f.postservice.PostServiceApplication   : The following 1 profile is active: "dev"
2026-07-17 08:24:34.750  INFO --- [  restartedMain] o.s.b.devtools.restart.ChangeableUrls    : The Class-Path manifest attribute in C:\Users\cangn\.m2\repository\io\github\cdimascio\java-dotenv\5.2.2\java-dotenv-5.2.2.jar referenced one or more files that do not exist: file:/C:/Users/cangn/.m2/repository/io/github/cdimascio/java-dotenv/5.2.2/kotlin-stdlib-1.4.0.jar,file:/C:/Users/cangn/.m2/repository/io/github/cdimascio/java-dotenv/5.2.2/kotlin-stdlib-common-1.4.0.jar,file:/C:/Users/cangn/.m2/repository/io/github/cdimascio/java-dotenv/5.2.2/annotations-13.0.jar
2026-07-17 08:24:34.750  INFO --- [  restartedMain] .e.DevToolsPropertyDefaultsPostProcessor : Devtools property defaults active! Set 'spring.devtools.add-properties' to 'false' to disable
2026-07-17 08:24:34.751  INFO --- [  restartedMain] .e.DevToolsPropertyDefaultsPostProcessor : For additional web related logging consider setting the 'logging.level.web' property to 'DEBUG'
2026-07-17 08:24:35.954  INFO --- [  restartedMain] .s.d.r.c.RepositoryConfigurationDelegate : Multiple Spring Data modules found, entering strict repository configuration mode
2026-07-17 08:24:35.955  INFO --- [  restartedMain] .s.d.r.c.RepositoryConfigurationDelegate : Bootstrapping Spring Data MongoDB repositories in DEFAULT mode.
2026-07-17 08:24:36.331  INFO --- [  restartedMain] .s.d.r.c.RepositoryConfigurationDelegate : Finished Spring Data repository scanning in 370 ms. Found 18 MongoDB repository interfaces.
2026-07-17 08:24:36.346  INFO --- [  restartedMain] .s.d.r.c.RepositoryConfigurationDelegate : Multiple Spring Data modules found, entering strict repository configuration mode
2026-07-17 08:24:36.347  INFO --- [  restartedMain] .s.d.r.c.RepositoryConfigurationDelegate : Bootstrapping Spring Data Redis repositories in DEFAULT mode.
2026-07-17 08:24:36.371  INFO --- [  restartedMain] .RepositoryConfigurationExtensionSupport : Spring Data Redis - Could not safely identify store assignment for repository candidate interface com.fsocial.postservice.repository.AccountRepository; If you want this repository to be a Redis repository, consider annotating your entities with one of these annotations: org.springframework.data.redis.core.RedisHash (preferred), or consider extending one of the following types with your repository: org.springframework.data.keyvalue.repository.KeyValueRepository
2026-07-17 08:24:36.371  INFO --- [  restartedMain] .RepositoryConfigurationExtensionSupport : Spring Data Redis - Could not safely identify store assignment for repository candidate interface com.fsocial.postservice.repository.AttachmentsRepository; If you want this repository to be a Redis repository, consider annotating your entities with one of these annotations: org.springframework.data.redis.core.RedisHash (preferred), or consider extending one of the following types with your repository: org.springframework.data.keyvalue.repository.KeyValueRepository
2026-07-17 08:24:36.371  INFO --- [  restartedMain] .RepositoryConfigurationExtensionSupport : Spring Data Redis - Could not safely identify store assignment for repository candidate interface com.fsocial.postservice.repository.CommentRepository; If you want this repository to be a Redis repository, consider annotating your entities with one of these annotations: org.springframework.data.redis.core.RedisHash (preferred), or consider extending one of the following types with your repository: org.springframework.data.keyvalue.repository.KeyValueRepository
2026-07-17 08:24:36.371  INFO --- [  restartedMain] .RepositoryConfigurationExtensionSupport : Spring Data Redis - Could not safely identify store assignment for repository candidate interface com.fsocial.postservice.repository.ComplaintRepository; If you want this repository to be a Redis repository, consider annotating your entities with one of these annotations: org.springframework.data.redis.core.RedisHash (preferred), or consider extending one of the following types with your repository: org.springframework.data.keyvalue.repository.KeyValueRepository
2026-07-17 08:24:36.373  INFO --- [  restartedMain] .RepositoryConfigurationExtensionSupport : Spring Data Redis - Could not safely identify store assignment for repository candidate interface com.fsocial.postservice.repository.DeviceTokenRepository; If you want this repository to be a Redis repository, consider annotating your entities with one of these annotations: org.springframework.data.redis.core.RedisHash (preferred), or consider extending one of the following types with your repository: org.springframework.data.keyvalue.repository.KeyValueRepository
2026-07-17 08:24:36.373  INFO --- [  restartedMain] .RepositoryConfigurationExtensionSupport : Spring Data Redis - Could not safely identify store assignment for repository candidate interface com.fsocial.postservice.repository.NotificationPreferenceRepository; If you want this repository to be a Redis repository, consider annotating your entities with one of these annotations: org.springframework.data.redis.core.RedisHash (preferred), or consider extending one of the following types with your repository: org.springframework.data.keyvalue.repository.KeyValueRepository
2026-07-17 08:24:36.373  INFO --- [  restartedMain] .RepositoryConfigurationExtensionSupport : Spring Data Redis - Could not safely identify store assignment for repository candidate interface com.fsocial.postservice.repository.NotificationRepository; If you want this repository to be a Redis repository, consider annotating your entities with one of these annotations: org.springframework.data.redis.core.RedisHash (preferred), or consider extending one of the following types with your repository: org.springframework.data.keyvalue.repository.KeyValueRepository
2026-07-17 08:24:36.373  INFO --- [  restartedMain] .RepositoryConfigurationExtensionSupport : Spring Data Redis - Could not safely identify store assignment for repository candidate interface com.fsocial.postservice.repository.NotificationTemplateRepository; If you want this repository to be a Redis repository, consider annotating your entities with one of these annotations: org.springframework.data.redis.core.RedisHash (preferred), or consider extending one of the following types with your repository: org.springframework.data.keyvalue.repository.KeyValueRepository
2026-07-17 08:24:36.373  INFO --- [  restartedMain] .RepositoryConfigurationExtensionSupport : Spring Data Redis - Could not safely identify store assignment for repository candidate interface com.fsocial.postservice.repository.PermissionRepository; If you want this repository to be a Redis repository, consider annotating your entities with one of these annotations: org.springframework.data.redis.core.RedisHash (preferred), or consider extending one of the following types with your repository: org.springframework.data.keyvalue.repository.KeyValueRepository
2026-07-17 08:24:36.374  INFO --- [  restartedMain] .RepositoryConfigurationExtensionSupport : Spring Data Redis - Could not safely identify store assignment for repository candidate interface com.fsocial.postservice.repository.PostRepository; If you want this repository to be a Redis repository, consider annotating your entities with one of these annotations: org.springframework.data.redis.core.RedisHash (preferred), or consider extending one of the following types with your repository: org.springframework.data.keyvalue.repository.KeyValueRepository
2026-07-17 08:24:36.374  INFO --- [  restartedMain] .RepositoryConfigurationExtensionSupport : Spring Data Redis - Could not safely identify store assignment for repository candidate interface com.fsocial.postservice.repository.RefreshTokenRepository; If you want this repository to be a Redis repository, consider annotating your entities with one of these annotations: org.springframework.data.redis.core.RedisHash (preferred), or consider extending one of the following types with your repository: org.springframework.data.keyvalue.repository.KeyValueRepository
2026-07-17 08:24:36.374  INFO --- [  restartedMain] .RepositoryConfigurationExtensionSupport : Spring Data Redis - Could not safely identify store assignment for repository candidate interface com.fsocial.postservice.repository.RoleRepository; If you want this repository to be a Redis repository, consider annotating your entities with one of these annotations: org.springframework.data.redis.core.RedisHash (preferred), or consider extending one of the following types with your repository: org.springframework.data.keyvalue.repository.KeyValueRepository
2026-07-17 08:24:36.374  INFO --- [  restartedMain] .RepositoryConfigurationExtensionSupport : Spring Data Redis - Could not safely identify store assignment for repository candidate interface com.fsocial.postservice.repository.SeenPostRepository; If you want this repository to be a Redis repository, consider annotating your entities with one of these annotations: org.springframework.data.redis.core.RedisHash (preferred), or consider extending one of the following types with your repository: org.springframework.data.keyvalue.repository.KeyValueRepository
2026-07-17 08:24:36.374  INFO --- [  restartedMain] .RepositoryConfigurationExtensionSupport : Spring Data Redis - Could not safely identify store assignment for repository candidate interface com.fsocial.postservice.repository.TagCooccurrenceRepository; If you want this repository to be a Redis repository, consider annotating your entities with one of these annotations: org.springframework.data.redis.core.RedisHash (preferred), or consider extending one of the following types with your repository: org.springframework.data.keyvalue.repository.KeyValueRepository
2026-07-17 08:24:36.374  INFO --- [  restartedMain] .RepositoryConfigurationExtensionSupport : Spring Data Redis - Could not safely identify store assignment for repository candidate interface com.fsocial.postservice.repository.TermOfServicesRepository; If you want this repository to be a Redis repository, consider annotating your entities with one of these annotations: org.springframework.data.redis.core.RedisHash (preferred), or consider extending one of the following types with your repository: org.springframework.data.keyvalue.repository.KeyValueRepository
2026-07-17 08:24:36.374  INFO --- [  restartedMain] .RepositoryConfigurationExtensionSupport : Spring Data Redis - Could not safely identify store assignment for repository candidate interface com.fsocial.postservice.repository.TermRepository; If you want this repository to be a Redis repository, consider annotating your entities with one of these annotations: org.springframework.data.redis.core.RedisHash (preferred), or consider extending one of the following types with your repository: org.springframework.data.keyvalue.repository.KeyValueRepository
2026-07-17 08:24:36.374  INFO --- [  restartedMain] .RepositoryConfigurationExtensionSupport : Spring Data Redis - Could not safely identify store assignment for repository candidate interface com.fsocial.postservice.repository.TokenRepository; If you want this repository to be a Redis repository, consider annotating your entities with one of these annotations: org.springframework.data.redis.core.RedisHash (preferred), or consider extending one of the following types with your repository: org.springframework.data.keyvalue.repository.KeyValueRepository
2026-07-17 08:24:36.375  INFO --- [  restartedMain] .RepositoryConfigurationExtensionSupport : Spring Data Redis - Could not safely identify store assignment for repository candidate interface com.fsocial.postservice.repository.UserInterestsRepository; If you want this repository to be a Redis repository, consider annotating your entities with one of these annotations: org.springframework.data.redis.core.RedisHash (preferred), or consider extending one of the following types with your repository: org.springframework.data.keyvalue.repository.KeyValueRepository
2026-07-17 08:24:36.375  INFO --- [  restartedMain] .s.d.r.c.RepositoryConfigurationDelegate : Finished Spring Data repository scanning in 17 ms. Found 0 Redis repository interfaces.
2026-07-17 08:24:37.137  INFO --- [  restartedMain] o.s.b.w.embedded.tomcat.TomcatWebServer  : Tomcat initialized with port 8080 (http)
2026-07-17 08:24:37.150  INFO --- [  restartedMain] o.a.coyote.http11.Http11NioProtocol      : Initializing ProtocolHandler ["http-nio-8080"]
2026-07-17 08:24:37.152  INFO --- [  restartedMain] o.apache.catalina.core.StandardService   : Starting service [Tomcat]
2026-07-17 08:24:37.152  INFO --- [  restartedMain] o.apache.catalina.core.StandardEngine    : Starting Servlet engine: [Apache Tomcat/10.1.34]
2026-07-17 08:24:37.221  INFO --- [  restartedMain] o.a.c.c.C.[.[localhost].[/api/v1]        : Initializing Spring embedded WebApplicationContext
2026-07-17 08:24:37.221  INFO --- [  restartedMain] w.s.c.ServletWebServerApplicationContext : Root WebApplicationContext: initialization completed in 2470 ms
2026-07-17 08:24:37.377 DEBUG --- [  restartedMain] c.f.postservice.config.AppConfig$1       : Filter 'loggingFilter' configured for use
2026-07-17 08:24:37.542  WARN --- [  restartedMain] org.mongodb.driver.uri                   : Use of deprecated timeout option: 'sockettimeoutms'. Prefer 'timeoutMS' instead.
2026-07-17 08:24:37.603  INFO --- [  restartedMain] org.mongodb.driver.client                : MongoClient with metadata {"application": {"name": "Cluster0"}, "driver": {"name": "mongo-java-driver|sync|spring-boot", "version": "5.2.1"}, "os": {"type": "Windows", "name": "Windows 11", "architecture": "amd64", "version": "10.0"}, "platform": "Java/Oracle Corporation/21.0.11+9-LTS-211"} created with settings MongoClientSettings{readPreference=primary, writeConcern=WriteConcern{w=null, wTimeout=null ms, journal=null}, retryWrites=true, retryReads=true, readConcern=ReadConcern{level=null}, credential=MongoCredential{mechanism=null, userName='cangngoo123', source='admin', password=<hidden>, mechanismProperties=<hidden>}, transportSettings=null, commandListeners=[], codecRegistry=ProvidersCodecRegistry{codecProviders=[ValueCodecProvider{}, BsonValueCodecProvider{}, DBRefCodecProvider{}, DBObjectCodecProvider{}, DocumentCodecProvider{}, CollectionCodecProvider{}, IterableCodecProvider{}, MapCodecProvider{}, GeoJsonCodecProvider{}, GridFSFileCodecProvider{}, Jsr310CodecProvider{}, JsonObjectCodecProvider{}, BsonCodecProvider{}, EnumCodecProvider{}, com.mongodb.client.model.mql.ExpressionCodecProvider@610a5b2, com.mongodb.Jep395RecordCodecProvider@160ad6d2, com.mongodb.KotlinCodecProvider@70d0fb8b]}, loggerSettings=LoggerSettings{maxDocumentLength=1000}, clusterSettings={hosts=[127.0.0.1:27017], srvHost=cluster0.lpgbsnk.mongodb.net, srvServiceName=mongodb, mode=MULTIPLE, requiredClusterType=REPLICA_SET, requiredReplicaSetName='atlas-10t8gz-shard-0', serverSelector='null', clusterListeners='[]', serverSelectionTimeout='10000 ms', localThreshold='15 ms'}, socketSettings=SocketSettings{connectTimeoutMS=10000, readTimeoutMS=30000, receiveBufferSize=0, proxySettings=ProxySettings{host=null, port=null, username=null, password=null}}, heartbeatSocketSettings=SocketSettings{connectTimeoutMS=10000, readTimeoutMS=10000, receiveBufferSize=0, proxySettings=ProxySettings{host=null, port=null, username=null, password=null}}, connectionPoolSettings=ConnectionPoolSettings{maxSize=100, minSize=0, maxWaitTimeMS=120000, maxConnectionLifeTimeMS=0, maxConnectionIdleTimeMS=0, maintenanceInitialDelayMS=0, maintenanceFrequencyMS=60000, connectionPoolListeners=[], maxConnecting=2}, serverSettings=ServerSettings{heartbeatFrequencyMS=10000, minHeartbeatFrequencyMS=500, serverMonitoringMode=AUTO, serverListeners='[]', serverMonitorListeners='[]'}, sslSettings=SslSettings{enabled=true, invalidHostNameAllowed=false, context=null}, applicationName='Cluster0', compressorList=[], uuidRepresentation=JAVA_LEGACY, serverApi=null, autoEncryptionSettings=null, dnsClient=null, inetAddressResolver=null, contextProvider=null, timeoutMS=null}
2026-07-17 08:24:37.615  INFO --- [snk.mongodb.net] org.mongodb.driver.cluster               : Adding discovered server ac-clxoese-shard-00-02.lpgbsnk.mongodb.net:27017 to client view of cluster
2026-07-17 08:24:37.638  WARN --- [  restartedMain] org.mongodb.driver.uri                   : Use of deprecated timeout option: 'sockettimeoutms'. Prefer 'timeoutMS' instead.
2026-07-17 08:24:37.643  INFO --- [snk.mongodb.net] org.mongodb.driver.cluster               : Adding discovered server ac-clxoese-shard-00-01.lpgbsnk.mongodb.net:27017 to client view of cluster
2026-07-17 08:24:37.645  INFO --- [snk.mongodb.net] org.mongodb.driver.cluster               : Adding discovered server ac-clxoese-shard-00-00.lpgbsnk.mongodb.net:27017 to client view of cluster
2026-07-17 08:24:37.782  INFO --- [  restartedMain] o.s.b.d.a.OptionalLiveReloadServer       : LiveReload server is running on port 35729
2026-07-17 08:24:38.216  INFO --- [  restartedMain] c.f.postservice.config.RedisConfig       : Configuring Redis connection to redis-10758.crce194.ap-seast-1-1.ec2.cloud.redislabs.com: 10758
2026-07-17 08:24:38.218  INFO --- [  restartedMain] c.f.postservice.config.RedisConfig       : Redis username is default
2026-07-17 08:24:38.227  INFO --- [ngodb.net:27017] org.mongodb.driver.cluster               : Monitor thread successfully connected to server with description ServerDescription{address=ac-clxoese-shard-00-01.lpgbsnk.mongodb.net:27017, type=REPLICA_SET_PRIMARY, cryptd=false, state=CONNECTED, ok=true, minWireVersion=0, maxWireVersion=25, maxDocumentSize=16777216, logicalSessionTimeoutMinutes=30, roundTripTimeNanos=333117400, minRoundTripTimeNanos=0, setName='atlas-10t8gz-shard-0', canonicalAddress=ac-clxoese-shard-00-01.lpgbsnk.mongodb.net:27017, hosts=[ac-clxoese-shard-00-02.lpgbsnk.mongodb.net:27017, ac-clxoese-shard-00-00.lpgbsnk.mongodb.net:27017, ac-clxoese-shard-00-01.lpgbsnk.mongodb.net:27017], passives=[], arbiters=[], primary='ac-clxoese-shard-00-01.lpgbsnk.mongodb.net:27017', tagSet=TagSet{[Tag{name='availabilityZone', value='ape1-az2'}, Tag{name='cacheState', value='READY'}, Tag{name='diskState', value='READY'}, Tag{name='nodeType', value='ELECTABLE'}, Tag{name='provider', value='AWS'}, Tag{name='region', value='AP_EAST_1'}, Tag{name='workloadType', value='OPERATIONAL'}]}, electionId=7fffffff0000000000000079, setVersion=71, topologyVersion=TopologyVersion{processId=6a58fa26adec0f1a80e51256, counter=6}, lastWriteDate=Fri Jul 17 08:24:41 ICT 2026, lastUpdateTimeNanos=1479956775600}
2026-07-17 08:24:38.227  INFO --- [ngodb.net:27017] org.mongodb.driver.cluster               : Monitor thread successfully connected to server with description ServerDescription{address=ac-clxoese-shard-00-00.lpgbsnk.mongodb.net:27017, type=REPLICA_SET_SECONDARY, cryptd=false, state=CONNECTED, ok=true, minWireVersion=0, maxWireVersion=25, maxDocumentSize=16777216, logicalSessionTimeoutMinutes=30, roundTripTimeNanos=333067400, minRoundTripTimeNanos=0, setName='atlas-10t8gz-shard-0', canonicalAddress=ac-clxoese-shard-00-00.lpgbsnk.mongodb.net:27017, hosts=[ac-clxoese-shard-00-02.lpgbsnk.mongodb.net:27017, ac-clxoese-shard-00-00.lpgbsnk.mongodb.net:27017, ac-clxoese-shard-00-01.lpgbsnk.mongodb.net:27017], passives=[], arbiters=[], primary='ac-clxoese-shard-00-01.lpgbsnk.mongodb.net:27017', tagSet=TagSet{[Tag{name='availabilityZone', value='ape1-az1'}, Tag{name='cacheState', value='READY'}, Tag{name='diskState', value='READY'}, Tag{name='nodeType', value='ELECTABLE'}, Tag{name='provider', value='AWS'}, Tag{name='region', value='AP_EAST_1'}, Tag{name='workloadType', value='OPERATIONAL'}]}, electionId=null, setVersion=71, topologyVersion=TopologyVersion{processId=6a58f78fe0c43a185737d79b, counter=4}, lastWriteDate=Fri Jul 17 08:24:41 ICT 2026, lastUpdateTimeNanos=1479956728200}
2026-07-17 08:24:38.228  INFO --- [ngodb.net:27017] org.mongodb.driver.cluster               : Monitor thread successfully connected to server with description ServerDescription{address=ac-clxoese-shard-00-02.lpgbsnk.mongodb.net:27017, type=REPLICA_SET_SECONDARY, cryptd=false, state=CONNECTED, ok=true, minWireVersion=0, maxWireVersion=25, maxDocumentSize=16777216, logicalSessionTimeoutMinutes=30, roundTripTimeNanos=333067300, minRoundTripTimeNanos=0, setName='atlas-10t8gz-shard-0', canonicalAddress=ac-clxoese-shard-00-02.lpgbsnk.mongodb.net:27017, hosts=[ac-clxoese-shard-00-02.lpgbsnk.mongodb.net:27017, ac-clxoese-shard-00-00.lpgbsnk.mongodb.net:27017, ac-clxoese-shard-00-01.lpgbsnk.mongodb.net:27017], passives=[], arbiters=[], primary='ac-clxoese-shard-00-01.lpgbsnk.mongodb.net:27017', tagSet=TagSet{[Tag{name='availabilityZone', value='ape1-az3'}, Tag{name='cacheState', value='READY'}, Tag{name='diskState', value='READY'}, Tag{name='nodeType', value='ELECTABLE'}, Tag{name='provider', value='AWS'}, Tag{name='region', value='AP_EAST_1'}, Tag{name='workloadType', value='OPERATIONAL'}]}, electionId=null, setVersion=71, topologyVersion=TopologyVersion{processId=6a58fc08308afad500ec0012, counter=3}, lastWriteDate=Fri Jul 17 08:24:41 ICT 2026, lastUpdateTimeNanos=1479956728200}
2026-07-17 08:24:38.230  INFO --- [ngodb.net:27017] org.mongodb.driver.cluster               : Discovered replica set primary ac-clxoese-shard-00-01.lpgbsnk.mongodb.net:27017 with max election id 7fffffff0000000000000079 and max set version 71
2026-07-17 08:24:38.254  INFO --- [  restartedMain] c.f.postservice.config.RedisConfig       : ✅ Redis connection factory created successfully (lazy connection)
2026-07-17 08:24:38.498  INFO --- [  restartedMain] c.f.postservice.config.RedisConfig       : 🔧 Creating StringRedisTemplate bean
2026-07-17 08:24:38.533  INFO --- [  restartedMain] c.f.postservice.config.RedisConfig       : ✅ StringRedisTemplate bean created successfully
2026-07-17 08:24:39.186  INFO --- [  restartedMain] c.f.postservice.config.RedisConfig       : 🔧 Creating RedisTemplate bean
2026-07-17 08:24:39.200  INFO --- [  restartedMain] c.f.postservice.config.RedisConfig       : ✅ RedisTemplate bean created successfully (lazy connection)
2026-07-17 08:24:40.072  INFO --- [  restartedMain] o.a.coyote.http11.Http11NioProtocol      : Starting ProtocolHandler ["http-nio-8080"]
2026-07-17 08:24:40.084  INFO --- [  restartedMain] o.s.b.w.embedded.tomcat.TomcatWebServer  : Tomcat started on port 8080 (http) with context path '/api/v1'
2026-07-17 08:24:40.087  INFO --- [  restartedMain] o.s.a.r.c.CachingConnectionFactory       : Attempting to connect to: [chameleon.lmq.cloudamqp.com:5671]
2026-07-17 08:24:42.304  INFO --- [  restartedMain] o.s.a.r.c.CachingConnectionFactory       : Created new connection: rabbitConnectionFactory#3ed463f2:0/SimpleConnection@487efe8f [delegate=amqp://yvtspcbt@3.115.160.244:5671/yvtspcbt, localPort=50142]
2026-07-17 08:24:46.184  INFO --- [  restartedMain] c.f.postservice.PostServiceApplication   : Started PostServiceApplication in 12.045 seconds (process running for 13.405)
2026-07-17 08:24:46.543  WARN --- [  restartedMain] c.f.p.config.MongoIndexInitializer       : Could not ensure TTL index on seen_posts: Command failed with error 85 (IndexOptionsConflict): 'An equivalent index already exists with the same name but different options. Requested index: { v: 2, key: { seen_at: 1 }, name: "seen_at_1", expireAfterSeconds: 1209600 }, existing index: { v: 2, key: { seen_at: 1 }, name: "seen_at_1", expireAfterSeconds: 2592000 }' on server ac-clxoese-shard-00-01.lpgbsnk.mongodb.net:27017. The full response is {"ok": 0.0, "errmsg": "An equivalent index already exists with the same name but different options. Requested index: { v: 2, key: { seen_at: 1 }, name: \"seen_at_1\", expireAfterSeconds: 1209600 }, existing index: { v: 2, key: { seen_at: 1 }, name: \"seen_at_1\", expireAfterSeconds: 2592000 }", "code": 85, "codeName": "IndexOptionsConflict", "$clusterTime": {"clusterTime": {"$timestamp": {"t": 1784251490, "i": 3}}, "signature": {"hash": {"$binary": {"base64": "AHK7beXnPtRlt5NwXDw90qZjAig=", "subType": "00"}}, "keyId": 7631599441186652166}}, "operationTime": {"$timestamp": {"t": 1784251490, "i": 3}}}
2026-07-17 08:24:46.544  INFO --- [  restartedMain] c.f.p.config.MongoIndexInitializer       : MongoDB index initialization complete
2026-07-17 08:27:17.401  INFO --- [nio-8080-exec-3] o.a.c.c.C.[.[localhost].[/api/v1]        : Initializing Spring DispatcherServlet 'dispatcherServlet'
2026-07-17 08:27:17.402  INFO --- [nio-8080-exec-3] o.s.web.servlet.DispatcherServlet        : Initializing Servlet 'dispatcherServlet'
2026-07-17 08:27:17.406  INFO --- [nio-8080-exec-3] o.s.web.servlet.DispatcherServlet        : Completed initialization in 4 ms
2026-07-17 08:27:17.461  INFO --- [nio-8080-exec-4] o.apache.tomcat.util.http.parser.Cookie  : A cookie header was received [g_state={"i_l":0,"i_ll":1784187140303,"i_e":{"enable_itp_optimization":24},"i_et":1784187140303};] that contained an invalid cookie. That cookie will be ignored.
 Note: further occurrences of this error will be logged at DEBUG level.
2026-07-17 08:27:17.522  INFO --- [nio-8080-exec-5] c.fsocial.postservice.config.AppConfig   : Request URI: /api/v1/profile
2026-07-17 08:27:17.522  INFO --- [nio-8080-exec-4] c.fsocial.postservice.config.AppConfig   : Request URI: /api/v1/notification
2026-07-17 08:27:17.522  INFO --- [nio-8080-exec-6] c.fsocial.postservice.config.AppConfig   : Request URI: /api/v1/notification/un-read
2026-07-17 08:27:17.870  INFO --- [nio-8080-exec-4] c.fsocial.postservice.config.AppConfig   : [DEBUG-AUTH] principal=6a4c86ba8110ea2cfcda8f33, authorities=[ROLE_ADMIN]
2026-07-17 08:27:17.983  INFO --- [nio-8080-exec-6] c.fsocial.postservice.config.AppConfig   : [DEBUG-AUTH] principal=6a4c86ba8110ea2cfcda8f33, authorities=[ROLE_ADMIN]
2026-07-17 08:27:18.042  INFO --- [nio-8080-exec-5] c.fsocial.postservice.config.AppConfig   : [DEBUG-AUTH] principal=6a4c86ba8110ea2cfcda8f33, authorities=[ROLE_ADMIN]
2026-07-17 08:27:18.064  INFO --- [nio-8080-exec-8] c.fsocial.postservice.config.AppConfig   : Request URI: /api/v1/actions
2026-07-17 08:27:18.638  INFO --- [nio-8080-exec-8] com.fsocial.postservice.util.PostUtils   : Ratio: 0.7692307692307693
2026-07-17 08:27:18.640  INFO --- [nio-8080-exec-8] c.f.p.services.impl.PostServiceImpl      : Lấy bài viết thành công, count=1
2026-07-17 08:27:18.640  INFO --- [nio-8080-exec-8] c.f.p.controller.PostController          : Lấy thông tin bài viết thành công
2026-07-17 08:27:18.646  INFO --- [nio-8080-exec-8] c.fsocial.postservice.config.AppConfig   : [DEBUG-AUTH] principal=6a4c86ba8110ea2cfcda8f33, authorities=[ROLE_ADMIN]
2026-07-17 08:27:18.678  INFO --- [io-8080-exec-10] c.fsocial.postservice.config.AppConfig   : Request URI: /api/v1/actions
2026-07-17 08:27:19.542  INFO --- [io-8080-exec-10] com.fsocial.postservice.util.PostUtils   : Ratio: 0.7692307692307693
2026-07-17 08:27:19.542  INFO --- [io-8080-exec-10] com.fsocial.postservice.util.PostUtils   : Ratio: 0.5625
2026-07-17 08:27:19.542  INFO --- [io-8080-exec-10] com.fsocial.postservice.util.PostUtils   : Ratio: 1.1358024691358024
2026-07-17 08:27:19.542  INFO --- [io-8080-exec-10] com.fsocial.postservice.util.PostUtils   : Ratio: 0.75
2026-07-17 08:27:19.542  INFO --- [io-8080-exec-10] com.fsocial.postservice.util.PostUtils   : Ratio: 0.7297297297297297
2026-07-17 08:27:19.542  INFO --- [io-8080-exec-10] com.fsocial.postservice.util.PostUtils   : Ratio: 0.5626911314984709
2026-07-17 08:27:19.542  INFO --- [io-8080-exec-10] com.fsocial.postservice.util.PostUtils   : Ratio: 0.6195286195286195
2026-07-17 08:27:19.542  INFO --- [io-8080-exec-10] com.fsocial.postservice.util.PostUtils   : Ratio: 0.7612551159618008
2026-07-17 08:27:19.543  INFO --- [io-8080-exec-10] c.f.p.services.impl.PostServiceImpl      : Lấy bài viết thành công, count=5
2026-07-17 08:27:19.543  INFO --- [io-8080-exec-10] c.f.p.controller.PostController          : Lấy thông tin bài viết thành công
2026-07-17 08:27:19.544  INFO --- [io-8080-exec-10] c.fsocial.postservice.config.AppConfig   : [DEBUG-AUTH] principal=6a4c86ba8110ea2cfcda8f33, authorities=[ROLE_ADMIN]
2026-07-17 08:27:41.967  INFO --- [nio-8080-exec-3] c.fsocial.postservice.config.AppConfig   : Request URI: /api/v1/auth/google/login
2026-07-17 08:27:42.275  INFO --- [nio-8080-exec-3] c.f.p.s.impl.AuthenticationServiceImpl   : Google login for email: cangngooo123@gmail.com
2026-07-17 08:27:42.380  WARN --- [nio-8080-exec-3] .m.m.a.ExceptionHandlerExceptionResolver : Resolved [com.fsocial.postservice.exception.AppException: Account banned.]
2026-07-17 08:27:42.380  INFO --- [nio-8080-exec-3] c.fsocial.postservice.config.AppConfig   : [DEBUG-AUTH] principal=anonymousUser, authorities=[ROLE_ANONYMOUS]
2026-07-17 08:27:56.179  INFO --- [nio-8080-exec-4] c.fsocial.postservice.config.AppConfig   : Request URI: /api/v1/auth/google/login
2026-07-17 08:27:56.291  INFO --- [nio-8080-exec-4] c.f.p.s.impl.AuthenticationServiceImpl   : Google login for email: cangngooo123@gmail.com
2026-07-17 08:27:56.388  WARN --- [nio-8080-exec-4] .m.m.a.ExceptionHandlerExceptionResolver : Resolved [com.fsocial.postservice.exception.AppException: Account banned.]
2026-07-17 08:27:56.389  INFO --- [nio-8080-exec-4] c.fsocial.postservice.config.AppConfig   : [DEBUG-AUTH] principal=anonymousUser, authorities=[ROLE_ANONYMOUS]
2026-07-17 08:28:13.839  INFO --- [nio-8080-exec-5] c.fsocial.postservice.config.AppConfig   : Request URI: /api/v1/auth/google/login
2026-07-17 08:28:13.955  INFO --- [nio-8080-exec-5] c.f.p.s.impl.AuthenticationServiceImpl   : Google login for email: cangngooo123@gmail.com
2026-07-17 08:28:14.049  WARN --- [nio-8080-exec-5] .m.m.a.ExceptionHandlerExceptionResolver : Resolved [com.fsocial.postservice.exception.AppException: Account banned.]
2026-07-17 08:28:14.049  INFO --- [nio-8080-exec-5] c.fsocial.postservice.config.AppConfig   : [DEBUG-AUTH] principal=anonymousUser, authorities=[ROLE_ANONYMOUS]
2026-07-17 08:28:25.381  INFO --- [nio-8080-exec-3] c.fsocial.postservice.config.AppConfig   : Request URI: /api/v1/auth/google/login
2026-07-17 08:28:25.498  INFO --- [nio-8080-exec-3] c.f.p.s.impl.AuthenticationServiceImpl   : Google login for email: cangngoo123@gmail.com
2026-07-17 08:28:25.596  WARN --- [nio-8080-exec-3] .m.m.a.ExceptionHandlerExceptionResolver : Resolved [com.fsocial.postservice.exception.AppException: Account banned.]
2026-07-17 08:28:25.596  INFO --- [nio-8080-exec-3] c.fsocial.postservice.config.AppConfig   : [DEBUG-AUTH] principal=anonymousUser, authorities=[ROLE_ANONYMOUS]
2026-07-17 08:28:38.674  INFO --- [nio-8080-exec-4] c.fsocial.postservice.config.AppConfig   : Request URI: /api/v1/auth/google/login
2026-07-17 08:28:38.796  INFO --- [nio-8080-exec-4] c.f.p.s.impl.AuthenticationServiceImpl   : Google login for email: cangngooo123@gmail.com
2026-07-17 08:28:38.893  WARN --- [nio-8080-exec-4] .m.m.a.ExceptionHandlerExceptionResolver : Resolved [com.fsocial.postservice.exception.AppException: Account banned.]
2026-07-17 08:28:38.893  INFO --- [nio-8080-exec-4] c.fsocial.postservice.config.AppConfig   : [DEBUG-AUTH] principal=anonymousUser, authorities=[ROLE_ANONYMOUS]
2026-07-17 08:29:02.345  INFO --- [nio-8080-exec-5] c.fsocial.postservice.config.AppConfig   : Request URI: /api/v1/auth/google/login
2026-07-17 08:29:02.461  INFO --- [nio-8080-exec-5] c.f.p.s.impl.AuthenticationServiceImpl   : Google login for email: cangngoo123@gmail.com
2026-07-17 08:29:02.556  WARN --- [nio-8080-exec-5] .m.m.a.ExceptionHandlerExceptionResolver : Resolved [com.fsocial.postservice.exception.AppException: Account banned.]
2026-07-17 08:29:02.557  INFO --- [nio-8080-exec-5] c.fsocial.postservice.config.AppConfig   : [DEBUG-AUTH] principal=anonymousUser, authorities=[ROLE_ANONYMOUS]
2026-07-17 08:30:31.791  INFO --- [nio-8080-exec-9] c.fsocial.postservice.config.AppConfig   : Request URI: /api/v1/auth/google/login
2026-07-17 08:30:31.909  INFO --- [nio-8080-exec-9] c.f.p.s.impl.AuthenticationServiceImpl   : Google login for email: cangngoo123@gmail.com
2026-07-17 08:30:32.102  INFO --- [nio-8080-exec-9] c.f.p.services.impl.JwtServiceImpl       : [JWT-DEBUG] accountId=6a4c86ba8110ea2cfcda8f33, username=cangngoo123@gmail.com, roleObj=com.fsocial.postservice.entity.Role@308e925a, roleName=ADMIN, scopeClaim='ADMIN'
2026-07-17 08:30:32.743  INFO --- [nio-8080-exec-9] c.fsocial.postservice.config.AppConfig   : [DEBUG-AUTH] principal=anonymousUser, authorities=[ROLE_ANONYMOUS]
2026-07-17 08:30:33.165  INFO --- [nio-8080-exec-3] c.fsocial.postservice.config.AppConfig   : Request URI: /api/v1/account/profile
2026-07-17 08:30:33.264  INFO --- [nio-8080-exec-4] c.fsocial.postservice.config.AppConfig   : Request URI: /api/v1/complaint
2026-07-17 08:30:33.267  INFO --- [nio-8080-exec-3] c.fsocial.postservice.config.AppConfig   : [DEBUG-AUTH] principal=6a4c86ba8110ea2cfcda8f33, authorities=[ROLE_ADMIN]
2026-07-17 08:30:33.477  INFO --- [nio-8080-exec-4] c.fsocial.postservice.config.AppConfig   : [DEBUG-AUTH] principal=6a4c86ba8110ea2cfcda8f33, authorities=[ROLE_ADMIN]
2026-07-17 08:31:06.304  INFO --- [nio-8080-exec-6] c.fsocial.postservice.config.AppConfig   : Request URI: /api/v1/auth/google/login
2026-07-17 08:31:06.423  INFO --- [nio-8080-exec-6] c.f.p.s.impl.AuthenticationServiceImpl   : Google login for email: cangngooo123@gmail.com
2026-07-17 08:31:06.614  INFO --- [nio-8080-exec-6] c.f.p.services.impl.JwtServiceImpl       : [JWT-DEBUG] accountId=6a507352835398079b70336d, username=cangngooo123@gmail.com, roleObj=com.fsocial.postservice.entity.Role@45571654, roleName=USER, scopeClaim='USER'
2026-07-17 08:31:07.110  INFO --- [nio-8080-exec-6] c.fsocial.postservice.config.AppConfig   : [DEBUG-AUTH] principal=anonymousUser, authorities=[ROLE_ANONYMOUS]
2026-07-17 08:31:07.630  INFO --- [nio-8080-exec-5] c.fsocial.postservice.config.AppConfig   : Request URI: /api/v1/notification
2026-07-17 08:31:07.630  INFO --- [nio-8080-exec-7] c.fsocial.postservice.config.AppConfig   : Request URI: /api/v1/notification/un-read
2026-07-17 08:31:07.676  INFO --- [nio-8080-exec-1] c.fsocial.postservice.config.AppConfig   : Request URI: /api/v1/profile
2026-07-17 08:31:07.689  INFO --- [nio-8080-exec-7] c.fsocial.postservice.config.AppConfig   : [DEBUG-AUTH] principal=6a507352835398079b70336d, authorities=[ROLE_USER]
2026-07-17 08:31:07.788  INFO --- [nio-8080-exec-1] c.fsocial.postservice.config.AppConfig   : [DEBUG-AUTH] principal=6a507352835398079b70336d, authorities=[ROLE_USER]
2026-07-17 08:31:07.790  INFO --- [nio-8080-exec-5] c.fsocial.postservice.config.AppConfig   : [DEBUG-AUTH] principal=6a507352835398079b70336d, authorities=[ROLE_USER]
2026-07-17 08:31:07.918  INFO --- [nio-8080-exec-9] c.fsocial.postservice.config.AppConfig   : Request URI: /api/v1/actions
2026-07-17 08:31:08.772  INFO --- [nio-8080-exec-9] com.fsocial.postservice.util.PostUtils   : Ratio: 0.7692307692307693
2026-07-17 08:31:08.773  INFO --- [nio-8080-exec-9] com.fsocial.postservice.util.PostUtils   : Ratio: 0.5625
2026-07-17 08:31:08.773  INFO --- [nio-8080-exec-9] com.fsocial.postservice.util.PostUtils   : Ratio: 1.1358024691358024
2026-07-17 08:31:08.773  INFO --- [nio-8080-exec-9] com.fsocial.postservice.util.PostUtils   : Ratio: 0.75
2026-07-17 08:31:08.773  INFO --- [nio-8080-exec-9] com.fsocial.postservice.util.PostUtils   : Ratio: 0.7297297297297297
2026-07-17 08:31:08.773  INFO --- [nio-8080-exec-9] com.fsocial.postservice.util.PostUtils   : Ratio: 0.5626911314984709
2026-07-17 08:31:08.773  INFO --- [nio-8080-exec-9] com.fsocial.postservice.util.PostUtils   : Ratio: 0.6195286195286195
2026-07-17 08:31:08.773  INFO --- [nio-8080-exec-9] com.fsocial.postservice.util.PostUtils   : Ratio: 0.7612551159618008
2026-07-17 08:31:08.773  INFO --- [nio-8080-exec-9] c.f.p.services.impl.PostServiceImpl      : Lấy bài viết thành công, count=5
2026-07-17 08:31:08.773  INFO --- [nio-8080-exec-9] c.f.p.controller.PostController          : Lấy thông tin bài viết thành công
2026-07-17 08:31:08.775  INFO --- [nio-8080-exec-9] c.fsocial.postservice.config.AppConfig   : [DEBUG-AUTH] principal=6a507352835398079b70336d, authorities=[ROLE_USER]
2026-07-17 08:31:25.951  INFO --- [io-8080-exec-10] c.fsocial.postservice.config.AppConfig   : Request URI: /api/v1/auth/google/login
2026-07-17 08:31:26.068  INFO --- [io-8080-exec-10] c.f.p.s.impl.AuthenticationServiceImpl   : Google login for email: cangngooo123@gmail.com
2026-07-17 08:31:26.313  INFO --- [io-8080-exec-10] c.f.p.services.impl.JwtServiceImpl       : [JWT-DEBUG] accountId=6a5985ee0d4df01a3ffb8b27, username=cangngooo123@gmail.com, roleObj=com.fsocial.postservice.entity.Role@3a3bcb1, roleName=USER, scopeClaim='USER'
2026-07-17 08:31:26.707  INFO --- [io-8080-exec-10] c.fsocial.postservice.config.AppConfig   : [DEBUG-AUTH] principal=anonymousUser, authorities=[ROLE_ANONYMOUS]
2026-07-17 08:31:27.266  INFO --- [nio-8080-exec-3] c.fsocial.postservice.config.AppConfig   : Request URI: /api/v1/notification/un-read
2026-07-17 08:31:27.266  INFO --- [nio-8080-exec-2] c.fsocial.postservice.config.AppConfig   : Request URI: /api/v1/notification
2026-07-17 08:31:27.305  INFO --- [nio-8080-exec-4] c.fsocial.postservice.config.AppConfig   : Request URI: /api/v1/profile
2026-07-17 08:31:27.315  INFO --- [nio-8080-exec-3] c.fsocial.postservice.config.AppConfig   : [DEBUG-AUTH] principal=6a5985ee0d4df01a3ffb8b27, authorities=[ROLE_USER]
2026-07-17 08:31:27.400  INFO --- [nio-8080-exec-4] c.fsocial.postservice.config.AppConfig   : [DEBUG-AUTH] principal=6a5985ee0d4df01a3ffb8b27, authorities=[ROLE_USER]
2026-07-17 08:31:27.411  INFO --- [nio-8080-exec-2] c.fsocial.postservice.config.AppConfig   : [DEBUG-AUTH] principal=6a5985ee0d4df01a3ffb8b27, authorities=[ROLE_USER]
2026-07-17 08:31:27.472  INFO --- [nio-8080-exec-7] c.fsocial.postservice.config.AppConfig   : Request URI: /api/v1/actions
2026-07-17 08:31:28.184  INFO --- [nio-8080-exec-7] com.fsocial.postservice.util.PostUtils   : Ratio: 0.7692307692307693
2026-07-17 08:31:28.184  INFO --- [nio-8080-exec-7] com.fsocial.postservice.util.PostUtils   : Ratio: 0.5625
2026-07-17 08:31:28.184  WARN --- [nio-8080-exec-7] c.f.p.services.impl.FeedServiceImpl      : Owner not found for post 6a52621f920b8d7968676e40
2026-07-17 08:31:28.184  WARN --- [nio-8080-exec-7] c.f.p.services.impl.FeedServiceImpl      : Owner not found for post 6a526187920b8d7968676e3f
2026-07-17 08:31:28.184  WARN --- [nio-8080-exec-7] c.f.p.services.impl.FeedServiceImpl      : Owner not found for post 6a52616b920b8d7968676e3e
2026-07-17 08:31:28.184  INFO --- [nio-8080-exec-7] c.f.p.services.impl.PostServiceImpl      : Lấy bài viết thành công, count=2
2026-07-17 08:31:28.184  INFO --- [nio-8080-exec-7] c.f.p.controller.PostController          : Lấy thông tin bài viết thành công
2026-07-17 08:31:28.185  INFO --- [nio-8080-exec-7] c.fsocial.postservice.config.AppConfig   : [DEBUG-AUTH] principal=6a5985ee0d4df01a3ffb8b27, authorities=[ROLE_USER]
2026-07-17 08:31:28.292  INFO --- [nio-8080-exec-5] c.fsocial.postservice.config.AppConfig   : Request URI: /api/v1/actions
2026-07-17 08:31:29.109  INFO --- [nio-8080-exec-5] com.fsocial.postservice.util.PostUtils   : Ratio: 0.7692307692307693
2026-07-17 08:31:29.110  INFO --- [nio-8080-exec-5] com.fsocial.postservice.util.PostUtils   : Ratio: 0.5625
2026-07-17 08:31:29.110  WARN --- [nio-8080-exec-5] c.f.p.services.impl.FeedServiceImpl      : Owner not found for post 6a52621f920b8d7968676e40
2026-07-17 08:31:29.110  WARN --- [nio-8080-exec-5] c.f.p.services.impl.FeedServiceImpl      : Owner not found for post 6a526187920b8d7968676e3f
2026-07-17 08:31:29.110  WARN --- [nio-8080-exec-5] c.f.p.services.impl.FeedServiceImpl      : Owner not found for post 6a52616b920b8d7968676e3e
2026-07-17 08:31:29.110  INFO --- [nio-8080-exec-5] c.f.p.services.impl.PostServiceImpl      : Lấy bài viết thành công, count=2
2026-07-17 08:31:29.110  INFO --- [nio-8080-exec-5] c.f.p.controller.PostController          : Lấy thông tin bài viết thành công
2026-07-17 08:31:29.113  INFO --- [nio-8080-exec-5] c.fsocial.postservice.config.AppConfig   : [DEBUG-AUTH] principal=6a5985ee0d4df01a3ffb8b27, authorities=[ROLE_USER]
2026-07-17 08:31:30.457  INFO --- [nio-8080-exec-8] c.fsocial.postservice.config.AppConfig   : Request URI: /api/v1/notification
2026-07-17 08:31:30.458  INFO --- [nio-8080-exec-9] c.fsocial.postservice.config.AppConfig   : Request URI: /api/v1/notification/un-read
2026-07-17 08:31:30.494  INFO --- [io-8080-exec-10] c.fsocial.postservice.config.AppConfig   : Request URI: /api/v1/profile
2026-07-17 08:31:30.507  INFO --- [nio-8080-exec-9] c.fsocial.postservice.config.AppConfig   : [DEBUG-AUTH] principal=6a5985ee0d4df01a3ffb8b27, authorities=[ROLE_USER]
2026-07-17 08:31:30.589  INFO --- [io-8080-exec-10] c.fsocial.postservice.config.AppConfig   : [DEBUG-AUTH] principal=6a5985ee0d4df01a3ffb8b27, authorities=[ROLE_USER]
2026-07-17 08:31:30.601  INFO --- [nio-8080-exec-8] c.fsocial.postservice.config.AppConfig   : [DEBUG-AUTH] principal=6a5985ee0d4df01a3ffb8b27, authorities=[ROLE_USER]
2026-07-17 08:31:30.689  INFO --- [nio-8080-exec-3] c.fsocial.postservice.config.AppConfig   : Request URI: /api/v1/actions
2026-07-17 08:31:31.514  INFO --- [nio-8080-exec-3] com.fsocial.postservice.util.PostUtils   : Ratio: 0.7692307692307693
2026-07-17 08:31:31.514  INFO --- [nio-8080-exec-3] com.fsocial.postservice.util.PostUtils   : Ratio: 0.5625
2026-07-17 08:31:31.514  WARN --- [nio-8080-exec-3] c.f.p.services.impl.FeedServiceImpl      : Owner not found for post 6a52621f920b8d7968676e40
2026-07-17 08:31:31.514  WARN --- [nio-8080-exec-3] c.f.p.services.impl.FeedServiceImpl      : Owner not found for post 6a526187920b8d7968676e3f
2026-07-17 08:31:31.514  WARN --- [nio-8080-exec-3] c.f.p.services.impl.FeedServiceImpl      : Owner not found for post 6a52616b920b8d7968676e3e
2026-07-17 08:31:31.514  INFO --- [nio-8080-exec-3] c.f.p.services.impl.PostServiceImpl      : Lấy bài viết thành công, count=2
2026-07-17 08:31:31.514  INFO --- [nio-8080-exec-3] c.f.p.controller.PostController          : Lấy thông tin bài viết thành công
2026-07-17 08:31:31.516  INFO --- [nio-8080-exec-3] c.fsocial.postservice.config.AppConfig   : [DEBUG-AUTH] principal=6a5985ee0d4df01a3ffb8b27, authorities=[ROLE_USER]
2026-07-17 08:31:31.614  INFO --- [nio-8080-exec-4] c.fsocial.postservice.config.AppConfig   : Request URI: /api/v1/actions
2026-07-17 08:31:32.406  INFO --- [nio-8080-exec-4] com.fsocial.postservice.util.PostUtils   : Ratio: 0.7692307692307693
2026-07-17 08:31:32.406  INFO --- [nio-8080-exec-4] com.fsocial.postservice.util.PostUtils   : Ratio: 0.5625
2026-07-17 08:31:32.406  WARN --- [nio-8080-exec-4] c.f.p.services.impl.FeedServiceImpl      : Owner not found for post 6a52621f920b8d7968676e40
2026-07-17 08:31:32.406  WARN --- [nio-8080-exec-4] c.f.p.services.impl.FeedServiceImpl      : Owner not found for post 6a526187920b8d7968676e3f
2026-07-17 08:31:32.406  WARN --- [nio-8080-exec-4] c.f.p.services.impl.FeedServiceImpl      : Owner not found for post 6a52616b920b8d7968676e3e
2026-07-17 08:31:32.406  INFO --- [nio-8080-exec-4] c.f.p.services.impl.PostServiceImpl      : Lấy bài viết thành công, count=2
2026-07-17 08:31:32.406  INFO --- [nio-8080-exec-4] c.f.p.controller.PostController          : Lấy thông tin bài viết thành công
2026-07-17 08:31:32.407  INFO --- [nio-8080-exec-4] c.fsocial.postservice.config.AppConfig   : [DEBUG-AUTH] principal=6a5985ee0d4df01a3ffb8b27, authorities=[ROLE_USER]
2026-07-17 08:31:56.555  INFO --- [nio-8080-exec-2] c.fsocial.postservice.config.AppConfig   : Request URI: /api/v1/auth/google/login
2026-07-17 08:31:56.674  INFO --- [nio-8080-exec-2] c.f.p.s.impl.AuthenticationServiceImpl   : Google login for email: cangngooo123@gmail.com
2026-07-17 08:31:56.771  WARN --- [nio-8080-exec-2] .m.m.a.ExceptionHandlerExceptionResolver : Resolved [com.fsocial.postservice.exception.AppException: Account banned.]
2026-07-17 08:31:56.771  INFO --- [nio-8080-exec-2] c.fsocial.postservice.config.AppConfig   : [DEBUG-AUTH] principal=anonymousUser, authorities=[ROLE_ANONYMOUS]
2026-07-17 08:36:41.131  INFO --- [ntContainer#0-2] o.s.a.r.l.SimpleMessageListenerContainer : Waiting for workers to finish.
2026-07-17 08:36:41.233  INFO --- [ntContainer#1-2] o.s.a.r.l.SimpleMessageListenerContainer : Waiting for workers to finish.
2026-07-17 08:36:41.337  INFO --- [ntContainer#2-2] o.s.a.r.l.SimpleMessageListenerContainer : Waiting for workers to finish.
2026-07-17 08:36:41.444  INFO --- [ntContainer#3-2] o.s.a.r.l.SimpleMessageListenerContainer : Waiting for workers to finish.
2026-07-17 08:36:41.545  INFO --- [ntContainer#4-2] o.s.a.r.l.SimpleMessageListenerContainer : Waiting for workers to finish.
2026-07-17 08:36:41.565  INFO --- [ntContainer#0-2] o.s.a.r.l.SimpleMessageListenerContainer : Successfully waited for workers to finish.
2026-07-17 08:36:41.657  INFO --- [ntContainer#2-2] o.s.a.r.l.SimpleMessageListenerContainer : Successfully waited for workers to finish.
2026-07-17 08:36:41.672  INFO --- [ntContainer#3-2] o.s.a.r.l.SimpleMessageListenerContainer : Successfully waited for workers to finish.
2026-07-17 08:36:41.811  INFO --- [ntContainer#4-2] o.s.a.r.l.SimpleMessageListenerContainer : Successfully waited for workers to finish.
2026-07-17 08:36:41.984  INFO --- [ntContainer#1-2] o.s.a.r.l.SimpleMessageListenerContainer : Successfully waited for workers to finish.
2026-07-17 08:36:41.985  INFO --- [ionShutdownHook] o.s.b.w.e.tomcat.GracefulShutdown        : Commencing graceful shutdown. Waiting for active requests to complete
2026-07-17 08:36:41.990  INFO --- [tomcat-shutdown] o.s.b.w.e.tomcat.GracefulShutdown        : Graceful shutdown complete
2026-07-17 08:36:47.381  INFO --- [  restartedMain] c.f.postservice.PostServiceApplication   : Starting PostServiceApplication using Java 21.0.11 with PID 15860 (D:\Workspace\Fsocial\fsocial_backend\target\classes started by cangn in D:\Workspace\Fsocial\fsocial_backend)
2026-07-17 08:36:47.382 DEBUG --- [  restartedMain] c.f.postservice.PostServiceApplication   : Running with Spring Boot v3.4.1, Spring v6.2.1
2026-07-17 08:36:47.383  INFO --- [  restartedMain] c.f.postservice.PostServiceApplication   : The following 1 profile is active: "dev"
2026-07-17 08:36:47.419  INFO --- [  restartedMain] o.s.b.devtools.restart.ChangeableUrls    : The Class-Path manifest attribute in C:\Users\cangn\.m2\repository\io\github\cdimascio\java-dotenv\5.2.2\java-dotenv-5.2.2.jar referenced one or more files that do not exist: file:/C:/Users/cangn/.m2/repository/io/github/cdimascio/java-dotenv/5.2.2/kotlin-stdlib-1.4.0.jar,file:/C:/Users/cangn/.m2/repository/io/github/cdimascio/java-dotenv/5.2.2/kotlin-stdlib-common-1.4.0.jar,file:/C:/Users/cangn/.m2/repository/io/github/cdimascio/java-dotenv/5.2.2/annotations-13.0.jar
2026-07-17 08:36:47.419  INFO --- [  restartedMain] .e.DevToolsPropertyDefaultsPostProcessor : Devtools property defaults active! Set 'spring.devtools.add-properties' to 'false' to disable
2026-07-17 08:36:47.419  INFO --- [  restartedMain] .e.DevToolsPropertyDefaultsPostProcessor : For additional web related logging consider setting the 'logging.level.web' property to 'DEBUG'
2026-07-17 08:36:48.208  INFO --- [  restartedMain] .s.d.r.c.RepositoryConfigurationDelegate : Multiple Spring Data modules found, entering strict repository configuration mode
2026-07-17 08:36:48.210  INFO --- [  restartedMain] .s.d.r.c.RepositoryConfigurationDelegate : Bootstrapping Spring Data MongoDB repositories in DEFAULT mode.
2026-07-17 08:36:48.454  INFO --- [  restartedMain] .s.d.r.c.RepositoryConfigurationDelegate : Finished Spring Data repository scanning in 240 ms. Found 18 MongoDB repository interfaces.
2026-07-17 08:36:48.466  INFO --- [  restartedMain] .s.d.r.c.RepositoryConfigurationDelegate : Multiple Spring Data modules found, entering strict repository configuration mode
2026-07-17 08:36:48.467  INFO --- [  restartedMain] .s.d.r.c.RepositoryConfigurationDelegate : Bootstrapping Spring Data Redis repositories in DEFAULT mode.
2026-07-17 08:36:48.486  INFO --- [  restartedMain] .RepositoryConfigurationExtensionSupport : Spring Data Redis - Could not safely identify store assignment for repository candidate interface com.fsocial.postservice.repository.AccountRepository; If you want this repository to be a Redis repository, consider annotating your entities with one of these annotations: org.springframework.data.redis.core.RedisHash (preferred), or consider extending one of the following types with your repository: org.springframework.data.keyvalue.repository.KeyValueRepository
2026-07-17 08:36:48.486  INFO --- [  restartedMain] .RepositoryConfigurationExtensionSupport : Spring Data Redis - Could not safely identify store assignment for repository candidate interface com.fsocial.postservice.repository.AttachmentsRepository; If you want this repository to be a Redis repository, consider annotating your entities with one of these annotations: org.springframework.data.redis.core.RedisHash (preferred), or consider extending one of the following types with your repository: org.springframework.data.keyvalue.repository.KeyValueRepository
2026-07-17 08:36:48.487  INFO --- [  restartedMain] .RepositoryConfigurationExtensionSupport : Spring Data Redis - Could not safely identify store assignment for repository candidate interface com.fsocial.postservice.repository.CommentRepository; If you want this repository to be a Redis repository, consider annotating your entities with one of these annotations: org.springframework.data.redis.core.RedisHash (preferred), or consider extending one of the following types with your repository: org.springframework.data.keyvalue.repository.KeyValueRepository
2026-07-17 08:36:48.487  INFO --- [  restartedMain] .RepositoryConfigurationExtensionSupport : Spring Data Redis - Could not safely identify store assignment for repository candidate interface com.fsocial.postservice.repository.ComplaintRepository; If you want this repository to be a Redis repository, consider annotating your entities with one of these annotations: org.springframework.data.redis.core.RedisHash (preferred), or consider extending one of the following types with your repository: org.springframework.data.keyvalue.repository.KeyValueRepository
2026-07-17 08:36:48.488  INFO --- [  restartedMain] .RepositoryConfigurationExtensionSupport : Spring Data Redis - Could not safely identify store assignment for repository candidate interface com.fsocial.postservice.repository.DeviceTokenRepository; If you want this repository to be a Redis repository, consider annotating your entities with one of these annotations: org.springframework.data.redis.core.RedisHash (preferred), or consider extending one of the following types with your repository: org.springframework.data.keyvalue.repository.KeyValueRepository
2026-07-17 08:36:48.488  INFO --- [  restartedMain] .RepositoryConfigurationExtensionSupport : Spring Data Redis - Could not safely identify store assignment for repository candidate interface com.fsocial.postservice.repository.NotificationPreferenceRepository; If you want this repository to be a Redis repository, consider annotating your entities with one of these annotations: org.springframework.data.redis.core.RedisHash (preferred), or consider extending one of the following types with your repository: org.springframework.data.keyvalue.repository.KeyValueRepository
2026-07-17 08:36:48.488  INFO --- [  restartedMain] .RepositoryConfigurationExtensionSupport : Spring Data Redis - Could not safely identify store assignment for repository candidate interface com.fsocial.postservice.repository.NotificationRepository; If you want this repository to be a Redis repository, consider annotating your entities with one of these annotations: org.springframework.data.redis.core.RedisHash (preferred), or consider extending one of the following types with your repository: org.springframework.data.keyvalue.repository.KeyValueRepository
2026-07-17 08:36:48.488  INFO --- [  restartedMain] .RepositoryConfigurationExtensionSupport : Spring Data Redis - Could not safely identify store assignment for repository candidate interface com.fsocial.postservice.repository.NotificationTemplateRepository; If you want this repository to be a Redis repository, consider annotating your entities with one of these annotations: org.springframework.data.redis.core.RedisHash (preferred), or consider extending one of the following types with your repository: org.springframework.data.keyvalue.repository.KeyValueRepository
2026-07-17 08:36:48.488  INFO --- [  restartedMain] .RepositoryConfigurationExtensionSupport : Spring Data Redis - Could not safely identify store assignment for repository candidate interface com.fsocial.postservice.repository.PermissionRepository; If you want this repository to be a Redis repository, consider annotating your entities with one of these annotations: org.springframework.data.redis.core.RedisHash (preferred), or consider extending one of the following types with your repository: org.springframework.data.keyvalue.repository.KeyValueRepository
2026-07-17 08:36:48.489  INFO --- [  restartedMain] .RepositoryConfigurationExtensionSupport : Spring Data Redis - Could not safely identify store assignment for repository candidate interface com.fsocial.postservice.repository.PostRepository; If you want this repository to be a Redis repository, consider annotating your entities with one of these annotations: org.springframework.data.redis.core.RedisHash (preferred), or consider extending one of the following types with your repository: org.springframework.data.keyvalue.repository.KeyValueRepository
2026-07-17 08:36:48.489  INFO --- [  restartedMain] .RepositoryConfigurationExtensionSupport : Spring Data Redis - Could not safely identify store assignment for repository candidate interface com.fsocial.postservice.repository.RefreshTokenRepository; If you want this repository to be a Redis repository, consider annotating your entities with one of these annotations: org.springframework.data.redis.core.RedisHash (preferred), or consider extending one of the following types with your repository: org.springframework.data.keyvalue.repository.KeyValueRepository
2026-07-17 08:36:48.489  INFO --- [  restartedMain] .RepositoryConfigurationExtensionSupport : Spring Data Redis - Could not safely identify store assignment for repository candidate interface com.fsocial.postservice.repository.RoleRepository; If you want this repository to be a Redis repository, consider annotating your entities with one of these annotations: org.springframework.data.redis.core.RedisHash (preferred), or consider extending one of the following types with your repository: org.springframework.data.keyvalue.repository.KeyValueRepository
2026-07-17 08:36:48.489  INFO --- [  restartedMain] .RepositoryConfigurationExtensionSupport : Spring Data Redis - Could not safely identify store assignment for repository candidate interface com.fsocial.postservice.repository.SeenPostRepository; If you want this repository to be a Redis repository, consider annotating your entities with one of these annotations: org.springframework.data.redis.core.RedisHash (preferred), or consider extending one of the following types with your repository: org.springframework.data.keyvalue.repository.KeyValueRepository
2026-07-17 08:36:48.489  INFO --- [  restartedMain] .RepositoryConfigurationExtensionSupport : Spring Data Redis - Could not safely identify store assignment for repository candidate interface com.fsocial.postservice.repository.TagCooccurrenceRepository; If you want this repository to be a Redis repository, consider annotating your entities with one of these annotations: org.springframework.data.redis.core.RedisHash (preferred), or consider extending one of the following types with your repository: org.springframework.data.keyvalue.repository.KeyValueRepository
2026-07-17 08:36:48.489  INFO --- [  restartedMain] .RepositoryConfigurationExtensionSupport : Spring Data Redis - Could not safely identify store assignment for repository candidate interface com.fsocial.postservice.repository.TermOfServicesRepository; If you want this repository to be a Redis repository, consider annotating your entities with one of these annotations: org.springframework.data.redis.core.RedisHash (preferred), or consider extending one of the following types with your repository: org.springframework.data.keyvalue.repository.KeyValueRepository
2026-07-17 08:36:48.489  INFO --- [  restartedMain] .RepositoryConfigurationExtensionSupport : Spring Data Redis - Could not safely identify store assignment for repository candidate interface com.fsocial.postservice.repository.TermRepository; If you want this repository to be a Redis repository, consider annotating your entities with one of these annotations: org.springframework.data.redis.core.RedisHash (preferred), or consider extending one of the following types with your repository: org.springframework.data.keyvalue.repository.KeyValueRepository
2026-07-17 08:36:48.489  INFO --- [  restartedMain] .RepositoryConfigurationExtensionSupport : Spring Data Redis - Could not safely identify store assignment for repository candidate interface com.fsocial.postservice.repository.TokenRepository; If you want this repository to be a Redis repository, consider annotating your entities with one of these annotations: org.springframework.data.redis.core.RedisHash (preferred), or consider extending one of the following types with your repository: org.springframework.data.keyvalue.repository.KeyValueRepository
2026-07-17 08:36:48.490  INFO --- [  restartedMain] .RepositoryConfigurationExtensionSupport : Spring Data Redis - Could not safely identify store assignment for repository candidate interface com.fsocial.postservice.repository.UserInterestsRepository; If you want this repository to be a Redis repository, consider annotating your entities with one of these annotations: org.springframework.data.redis.core.RedisHash (preferred), or consider extending one of the following types with your repository: org.springframework.data.keyvalue.repository.KeyValueRepository
2026-07-17 08:36:48.490  INFO --- [  restartedMain] .s.d.r.c.RepositoryConfigurationDelegate : Finished Spring Data repository scanning in 17 ms. Found 0 Redis repository interfaces.
2026-07-17 08:36:49.056  INFO --- [  restartedMain] o.s.b.w.embedded.tomcat.TomcatWebServer  : Tomcat initialized with port 8080 (http)
2026-07-17 08:36:49.066  INFO --- [  restartedMain] o.a.coyote.http11.Http11NioProtocol      : Initializing ProtocolHandler ["http-nio-8080"]
2026-07-17 08:36:49.068  INFO --- [  restartedMain] o.apache.catalina.core.StandardService   : Starting service [Tomcat]
2026-07-17 08:36:49.068  INFO --- [  restartedMain] o.apache.catalina.core.StandardEngine    : Starting Servlet engine: [Apache Tomcat/10.1.34]
2026-07-17 08:36:49.125  INFO --- [  restartedMain] o.a.c.c.C.[.[localhost].[/api/v1]        : Initializing Spring embedded WebApplicationContext
2026-07-17 08:36:49.125  INFO --- [  restartedMain] w.s.c.ServletWebServerApplicationContext : Root WebApplicationContext: initialization completed in 1706 ms
2026-07-17 08:36:49.240 DEBUG --- [  restartedMain] c.f.postservice.config.AppConfig$1       : Filter 'loggingFilter' configured for use
2026-07-17 08:36:49.384  WARN --- [  restartedMain] org.mongodb.driver.uri                   : Use of deprecated timeout option: 'sockettimeoutms'. Prefer 'timeoutMS' instead.
2026-07-17 08:36:49.420  INFO --- [snk.mongodb.net] org.mongodb.driver.cluster               : Adding discovered server ac-clxoese-shard-00-02.lpgbsnk.mongodb.net:27017 to client view of cluster
2026-07-17 08:36:49.440  INFO --- [  restartedMain] org.mongodb.driver.client                : MongoClient with metadata {"application": {"name": "Cluster0"}, "driver": {"name": "mongo-java-driver|sync|spring-boot", "version": "5.2.1"}, "os": {"type": "Windows", "name": "Windows 11", "architecture": "amd64", "version": "10.0"}, "platform": "Java/Oracle Corporation/21.0.11+9-LTS-211"} created with settings MongoClientSettings{readPreference=primary, writeConcern=WriteConcern{w=null, wTimeout=null ms, journal=null}, retryWrites=true, retryReads=true, readConcern=ReadConcern{level=null}, credential=MongoCredential{mechanism=null, userName='cangngoo123', source='admin', password=<hidden>, mechanismProperties=<hidden>}, transportSettings=null, commandListeners=[], codecRegistry=ProvidersCodecRegistry{codecProviders=[ValueCodecProvider{}, BsonValueCodecProvider{}, DBRefCodecProvider{}, DBObjectCodecProvider{}, DocumentCodecProvider{}, CollectionCodecProvider{}, IterableCodecProvider{}, MapCodecProvider{}, GeoJsonCodecProvider{}, GridFSFileCodecProvider{}, Jsr310CodecProvider{}, JsonObjectCodecProvider{}, BsonCodecProvider{}, EnumCodecProvider{}, com.mongodb.client.model.mql.ExpressionCodecProvider@610a5b2, com.mongodb.Jep395RecordCodecProvider@160ad6d2, com.mongodb.KotlinCodecProvider@70d0fb8b]}, loggerSettings=LoggerSettings{maxDocumentLength=1000}, clusterSettings={hosts=[127.0.0.1:27017], srvHost=cluster0.lpgbsnk.mongodb.net, srvServiceName=mongodb, mode=MULTIPLE, requiredClusterType=REPLICA_SET, requiredReplicaSetName='atlas-10t8gz-shard-0', serverSelector='null', clusterListeners='[]', serverSelectionTimeout='10000 ms', localThreshold='15 ms'}, socketSettings=SocketSettings{connectTimeoutMS=10000, readTimeoutMS=30000, receiveBufferSize=0, proxySettings=ProxySettings{host=null, port=null, username=null, password=null}}, heartbeatSocketSettings=SocketSettings{connectTimeoutMS=10000, readTimeoutMS=10000, receiveBufferSize=0, proxySettings=ProxySettings{host=null, port=null, username=null, password=null}}, connectionPoolSettings=ConnectionPoolSettings{maxSize=100, minSize=0, maxWaitTimeMS=120000, maxConnectionLifeTimeMS=0, maxConnectionIdleTimeMS=0, maintenanceInitialDelayMS=0, maintenanceFrequencyMS=60000, connectionPoolListeners=[], maxConnecting=2}, serverSettings=ServerSettings{heartbeatFrequencyMS=10000, minHeartbeatFrequencyMS=500, serverMonitoringMode=AUTO, serverListeners='[]', serverMonitorListeners='[]'}, sslSettings=SslSettings{enabled=true, invalidHostNameAllowed=false, context=null}, applicationName='Cluster0', compressorList=[], uuidRepresentation=JAVA_LEGACY, serverApi=null, autoEncryptionSettings=null, dnsClient=null, inetAddressResolver=null, contextProvider=null, timeoutMS=null}
2026-07-17 08:36:49.447  INFO --- [snk.mongodb.net] org.mongodb.driver.cluster               : Adding discovered server ac-clxoese-shard-00-01.lpgbsnk.mongodb.net:27017 to client view of cluster
2026-07-17 08:36:49.449  INFO --- [snk.mongodb.net] org.mongodb.driver.cluster               : Adding discovered server ac-clxoese-shard-00-00.lpgbsnk.mongodb.net:27017 to client view of cluster
2026-07-17 08:36:49.474  WARN --- [  restartedMain] org.mongodb.driver.uri                   : Use of deprecated timeout option: 'sockettimeoutms'. Prefer 'timeoutMS' instead.
2026-07-17 08:36:49.602  INFO --- [  restartedMain] o.s.b.d.a.OptionalLiveReloadServer       : LiveReload server is running on port 35729
2026-07-17 08:36:49.946  INFO --- [ngodb.net:27017] org.mongodb.driver.cluster               : Monitor thread successfully connected to server with description ServerDescription{address=ac-clxoese-shard-00-01.lpgbsnk.mongodb.net:27017, type=REPLICA_SET_PRIMARY, cryptd=false, state=CONNECTED, ok=true, minWireVersion=0, maxWireVersion=25, maxDocumentSize=16777216, logicalSessionTimeoutMinutes=30, roundTripTimeNanos=272262100, minRoundTripTimeNanos=0, setName='atlas-10t8gz-shard-0', canonicalAddress=ac-clxoese-shard-00-01.lpgbsnk.mongodb.net:27017, hosts=[ac-clxoese-shard-00-02.lpgbsnk.mongodb.net:27017, ac-clxoese-shard-00-00.lpgbsnk.mongodb.net:27017, ac-clxoese-shard-00-01.lpgbsnk.mongodb.net:27017], passives=[], arbiters=[], primary='ac-clxoese-shard-00-01.lpgbsnk.mongodb.net:27017', tagSet=TagSet{[Tag{name='availabilityZone', value='ape1-az2'}, Tag{name='cacheState', value='READY'}, Tag{name='diskState', value='READY'}, Tag{name='nodeType', value='ELECTABLE'}, Tag{name='provider', value='AWS'}, Tag{name='region', value='AP_EAST_1'}, Tag{name='workloadType', value='OPERATIONAL'}]}, electionId=7fffffff0000000000000079, setVersion=71, topologyVersion=TopologyVersion{processId=6a58fa26adec0f1a80e51256, counter=6}, lastWriteDate=Fri Jul 17 08:36:53 ICT 2026, lastUpdateTimeNanos=2211673998500}
2026-07-17 08:36:49.946  INFO --- [ngodb.net:27017] org.mongodb.driver.cluster               : Monitor thread successfully connected to server with description ServerDescription{address=ac-clxoese-shard-00-00.lpgbsnk.mongodb.net:27017, type=REPLICA_SET_SECONDARY, cryptd=false, state=CONNECTED, ok=true, minWireVersion=0, maxWireVersion=25, maxDocumentSize=16777216, logicalSessionTimeoutMinutes=30, roundTripTimeNanos=272262200, minRoundTripTimeNanos=0, setName='atlas-10t8gz-shard-0', canonicalAddress=ac-clxoese-shard-00-00.lpgbsnk.mongodb.net:27017, hosts=[ac-clxoese-shard-00-02.lpgbsnk.mongodb.net:27017, ac-clxoese-shard-00-00.lpgbsnk.mongodb.net:27017, ac-clxoese-shard-00-01.lpgbsnk.mongodb.net:27017], passives=[], arbiters=[], primary='ac-clxoese-shard-00-01.lpgbsnk.mongodb.net:27017', tagSet=TagSet{[Tag{name='availabilityZone', value='ape1-az1'}, Tag{name='cacheState', value='READY'}, Tag{name='diskState', value='READY'}, Tag{name='nodeType', value='ELECTABLE'}, Tag{name='provider', value='AWS'}, Tag{name='region', value='AP_EAST_1'}, Tag{name='workloadType', value='OPERATIONAL'}]}, electionId=null, setVersion=71, topologyVersion=TopologyVersion{processId=6a58f78fe0c43a185737d79b, counter=4}, lastWriteDate=Fri Jul 17 08:36:53 ICT 2026, lastUpdateTimeNanos=2211673998400}
2026-07-17 08:36:49.946  INFO --- [ngodb.net:27017] org.mongodb.driver.cluster               : Monitor thread successfully connected to server with description ServerDescription{address=ac-clxoese-shard-00-02.lpgbsnk.mongodb.net:27017, type=REPLICA_SET_SECONDARY, cryptd=false, state=CONNECTED, ok=true, minWireVersion=0, maxWireVersion=25, maxDocumentSize=16777216, logicalSessionTimeoutMinutes=30, roundTripTimeNanos=271308900, minRoundTripTimeNanos=0, setName='atlas-10t8gz-shard-0', canonicalAddress=ac-clxoese-shard-00-02.lpgbsnk.mongodb.net:27017, hosts=[ac-clxoese-shard-00-02.lpgbsnk.mongodb.net:27017, ac-clxoese-shard-00-00.lpgbsnk.mongodb.net:27017, ac-clxoese-shard-00-01.lpgbsnk.mongodb.net:27017], passives=[], arbiters=[], primary='ac-clxoese-shard-00-01.lpgbsnk.mongodb.net:27017', tagSet=TagSet{[Tag{name='availabilityZone', value='ape1-az3'}, Tag{name='cacheState', value='READY'}, Tag{name='diskState', value='READY'}, Tag{name='nodeType', value='ELECTABLE'}, Tag{name='provider', value='AWS'}, Tag{name='region', value='AP_EAST_1'}, Tag{name='workloadType', value='OPERATIONAL'}]}, electionId=null, setVersion=71, topologyVersion=TopologyVersion{processId=6a58fc08308afad500ec0012, counter=3}, lastWriteDate=Fri Jul 17 08:36:53 ICT 2026, lastUpdateTimeNanos=2211673998400}
2026-07-17 08:36:49.948  INFO --- [ngodb.net:27017] org.mongodb.driver.cluster               : Discovered replica set primary ac-clxoese-shard-00-01.lpgbsnk.mongodb.net:27017 with max election id 7fffffff0000000000000079 and max set version 71
2026-07-17 08:36:49.957  INFO --- [  restartedMain] c.f.postservice.config.RedisConfig       : Configuring Redis connection to redis-10758.crce194.ap-seast-1-1.ec2.cloud.redislabs.com: 10758
2026-07-17 08:36:49.959  INFO --- [  restartedMain] c.f.postservice.config.RedisConfig       : Redis username is default
2026-07-17 08:36:49.979  INFO --- [  restartedMain] c.f.postservice.config.RedisConfig       : ✅ Redis connection factory created successfully (lazy connection)
2026-07-17 08:36:50.141  INFO --- [  restartedMain] c.f.postservice.config.RedisConfig       : 🔧 Creating StringRedisTemplate bean
2026-07-17 08:36:50.173  INFO --- [  restartedMain] c.f.postservice.config.RedisConfig       : ✅ StringRedisTemplate bean created successfully
2026-07-17 08:36:50.775  INFO --- [  restartedMain] c.f.postservice.config.RedisConfig       : 🔧 Creating RedisTemplate bean
2026-07-17 08:36:50.799  INFO --- [  restartedMain] c.f.postservice.config.RedisConfig       : ✅ RedisTemplate bean created successfully (lazy connection)
2026-07-17 08:36:51.623  INFO --- [  restartedMain] o.a.coyote.http11.Http11NioProtocol      : Starting ProtocolHandler ["http-nio-8080"]
2026-07-17 08:36:51.634  INFO --- [  restartedMain] o.s.b.w.embedded.tomcat.TomcatWebServer  : Tomcat started on port 8080 (http) with context path '/api/v1'
2026-07-17 08:36:51.638  INFO --- [  restartedMain] o.s.a.r.c.CachingConnectionFactory       : Attempting to connect to: [chameleon.lmq.cloudamqp.com:5671]
2026-07-17 08:36:53.088  INFO --- [  restartedMain] o.s.a.r.c.CachingConnectionFactory       : Created new connection: rabbitConnectionFactory#616f4eec:0/SimpleConnection@2d693cc4 [delegate=amqp://yvtspcbt@3.115.160.244:5671/yvtspcbt, localPort=57915]
2026-07-17 08:36:58.281  INFO --- [  restartedMain] c.f.postservice.PostServiceApplication   : Started PostServiceApplication in 11.342 seconds (process running for 11.943)
2026-07-17 08:36:58.641  WARN --- [  restartedMain] c.f.p.config.MongoIndexInitializer       : Could not ensure TTL index on seen_posts: Command failed with error 85 (IndexOptionsConflict): 'An equivalent index already exists with the same name but different options. Requested index: { v: 2, key: { seen_at: 1 }, name: "seen_at_1", expireAfterSeconds: 1209600 }, existing index: { v: 2, key: { seen_at: 1 }, name: "seen_at_1", expireAfterSeconds: 2592000 }' on server ac-clxoese-shard-00-01.lpgbsnk.mongodb.net:27017. The full response is {"ok": 0.0, "errmsg": "An equivalent index already exists with the same name but different options. Requested index: { v: 2, key: { seen_at: 1 }, name: \"seen_at_1\", expireAfterSeconds: 1209600 }, existing index: { v: 2, key: { seen_at: 1 }, name: \"seen_at_1\", expireAfterSeconds: 2592000 }", "code": 85, "codeName": "IndexOptionsConflict", "$clusterTime": {"clusterTime": {"$timestamp": {"t": 1784252222, "i": 1}}, "signature": {"hash": {"$binary": {"base64": "AI2pnI+aI3zmZ0qalRVoO08/bT0=", "subType": "00"}}, "keyId": 7631599441186652166}}, "operationTime": {"$timestamp": {"t": 1784252222, "i": 1}}}
2026-07-17 08:36:58.642  INFO --- [  restartedMain] c.f.p.config.MongoIndexInitializer       : MongoDB index initialization complete
2026-07-17 08:37:11.778  INFO --- [nio-8080-exec-1] o.apache.tomcat.util.http.parser.Cookie  : A cookie header was received [g_state={"i_l":0,"i_ll":1784252227295,"i_e":{"enable_itp_optimization":24},"i_et":1784252227295}] that contained an invalid cookie. That cookie will be ignored.
 Note: further occurrences of this error will be logged at DEBUG level.
2026-07-17 08:37:11.783  INFO --- [nio-8080-exec-1] o.a.c.c.C.[.[localhost].[/api/v1]        : Initializing Spring DispatcherServlet 'dispatcherServlet'
2026-07-17 08:37:11.783  INFO --- [nio-8080-exec-1] o.s.web.servlet.DispatcherServlet        : Initializing Servlet 'dispatcherServlet'
2026-07-17 08:37:11.785  INFO --- [nio-8080-exec-1] o.s.web.servlet.DispatcherServlet        : Completed initialization in 2 ms
2026-07-17 08:37:11.821  INFO --- [nio-8080-exec-1] c.fsocial.postservice.config.AppConfig   : Request URI: /api/v1/auth/google/login
2026-07-17 08:37:12.128  INFO --- [nio-8080-exec-1] c.f.p.s.impl.AuthenticationServiceImpl   : Google login for email: cangngooo123@gmail.com
2026-07-17 08:37:12.318  WARN --- [nio-8080-exec-1] .m.m.a.ExceptionHandlerExceptionResolver : Resolved [com.fsocial.postservice.exception.AppException: Account banned.]
2026-07-17 08:37:12.319  INFO --- [nio-8080-exec-1] c.fsocial.postservice.config.AppConfig   : [DEBUG-AUTH] principal=anonymousUser, authorities=[ROLE_ANONYMOUS]
2026-07-17 08:37:21.331  INFO --- [nio-8080-exec-3] c.fsocial.postservice.config.AppConfig   : Request URI: /api/v1/auth/google/login
2026-07-17 08:37:21.445  INFO --- [nio-8080-exec-3] c.f.p.s.impl.AuthenticationServiceImpl   : Google login for email: cangngooo123@gmail.com
2026-07-17 08:37:21.545  WARN --- [nio-8080-exec-3] .m.m.a.ExceptionHandlerExceptionResolver : Resolved [com.fsocial.postservice.exception.AppException: Account banned.]
2026-07-17 08:37:21.545  INFO --- [nio-8080-exec-3] c.fsocial.postservice.config.AppConfig   : [DEBUG-AUTH] principal=anonymousUser, authorities=[ROLE_ANONYMOUS]
2026-07-17 08:39:45.122  INFO --- [nio-8080-exec-7] c.fsocial.postservice.config.AppConfig   : Request URI: /api/v1/auth/google/login
2026-07-17 08:39:45.244  INFO --- [nio-8080-exec-7] c.f.p.s.impl.AuthenticationServiceImpl   : Google login for email: cangngooo123@gmail.com
2026-07-17 08:39:45.341  WARN --- [nio-8080-exec-7] .m.m.a.ExceptionHandlerExceptionResolver : Resolved [com.fsocial.postservice.exception.AppException: Account banned.]
2026-07-17 08:39:45.341  INFO --- [nio-8080-exec-7] c.fsocial.postservice.config.AppConfig   : [DEBUG-AUTH] principal=anonymousUser, authorities=[ROLE_ANONYMOUS]
2026-07-17 08:39:53.063  INFO --- [nio-8080-exec-9] c.fsocial.postservice.config.AppConfig   : Request URI: /api/v1/auth/google/login
2026-07-17 08:39:53.312  INFO --- [nio-8080-exec-9] c.f.p.s.impl.AuthenticationServiceImpl   : Google login for email: cangngooo123@gmail.com
2026-07-17 08:39:53.445  WARN --- [nio-8080-exec-9] .m.m.a.ExceptionHandlerExceptionResolver : Resolved [com.fsocial.postservice.exception.AppException: Account banned.]
2026-07-17 08:39:53.445  INFO --- [nio-8080-exec-9] c.fsocial.postservice.config.AppConfig   : [DEBUG-AUTH] principal=anonymousUser, authorities=[ROLE_ANONYMOUS]
2026-07-17 08:41:15.287  INFO --- [nio-8080-exec-3] c.fsocial.postservice.config.AppConfig   : Request URI: /api/v1/auth/google/login
2026-07-17 08:41:15.406  INFO --- [nio-8080-exec-3] c.f.p.s.impl.AuthenticationServiceImpl   : Google login for email: cangngooo123@gmail.com
2026-07-17 08:41:15.508  WARN --- [nio-8080-exec-3] .m.m.a.ExceptionHandlerExceptionResolver : Resolved [com.fsocial.postservice.exception.AppException: Account banned.]
2026-07-17 08:41:15.509  INFO --- [nio-8080-exec-3] c.fsocial.postservice.config.AppConfig   : [DEBUG-AUTH] principal=anonymousUser, authorities=[ROLE_ANONYMOUS]
2026-07-17 08:41:28.088  INFO --- [nio-8080-exec-5] c.fsocial.postservice.config.AppConfig   : Request URI: /api/v1/auth/google/login
2026-07-17 08:41:28.207  INFO --- [nio-8080-exec-5] c.f.p.s.impl.AuthenticationServiceImpl   : Google login for email: cangngooo123@gmail.com
2026-07-17 08:41:28.311  WARN --- [nio-8080-exec-5] .m.m.a.ExceptionHandlerExceptionResolver : Resolved [com.fsocial.postservice.exception.AppException: Account banned.]
2026-07-17 08:41:28.311  INFO --- [nio-8080-exec-5] c.fsocial.postservice.config.AppConfig   : [DEBUG-AUTH] principal=anonymousUser, authorities=[ROLE_ANONYMOUS]
2026-07-17 08:42:10.928  INFO --- [nio-8080-exec-7] c.fsocial.postservice.config.AppConfig   : Request URI: /api/v1/auth/google/login
2026-07-17 08:42:11.050  INFO --- [nio-8080-exec-7] c.f.p.s.impl.AuthenticationServiceImpl   : Google login for email: cangngooo123@gmail.com
2026-07-17 08:42:11.329  INFO --- [nio-8080-exec-7] c.f.p.services.impl.JwtServiceImpl       : [JWT-DEBUG] accountId=6a5988731d7b1a1171ce6303, username=cangngooo123@gmail.com, roleObj=com.fsocial.postservice.entity.Role@27ebd507, roleName=USER, scopeClaim='USER'
2026-07-17 08:42:11.894  INFO --- [nio-8080-exec-7] c.fsocial.postservice.config.AppConfig   : [DEBUG-AUTH] principal=anonymousUser, authorities=[ROLE_ANONYMOUS]
2026-07-17 08:42:12.527  INFO --- [nio-8080-exec-8] c.fsocial.postservice.config.AppConfig   : Request URI: /api/v1/notification
2026-07-17 08:42:12.527  INFO --- [nio-8080-exec-9] c.fsocial.postservice.config.AppConfig   : Request URI: /api/v1/notification/un-read
2026-07-17 08:42:12.576  INFO --- [io-8080-exec-10] c.fsocial.postservice.config.AppConfig   : Request URI: /api/v1/profile
2026-07-17 08:42:12.581  INFO --- [nio-8080-exec-9] c.fsocial.postservice.config.AppConfig   : [DEBUG-AUTH] principal=6a5988731d7b1a1171ce6303, authorities=[ROLE_USER]
2026-07-17 08:42:12.692  INFO --- [io-8080-exec-10] c.fsocial.postservice.config.AppConfig   : [DEBUG-AUTH] principal=6a5988731d7b1a1171ce6303, authorities=[ROLE_USER]
2026-07-17 08:42:12.765  INFO --- [nio-8080-exec-2] c.fsocial.postservice.config.AppConfig   : Request URI: /api/v1/actions
2026-07-17 08:42:13.052  INFO --- [nio-8080-exec-8] c.fsocial.postservice.config.AppConfig   : [DEBUG-AUTH] principal=6a5988731d7b1a1171ce6303, authorities=[ROLE_USER]
2026-07-17 08:42:13.532  INFO --- [nio-8080-exec-2] com.fsocial.postservice.util.PostUtils   : Ratio: 0.7692307692307693
2026-07-17 08:42:13.532  INFO --- [nio-8080-exec-2] com.fsocial.postservice.util.PostUtils   : Ratio: 0.5625
2026-07-17 08:42:13.532  WARN --- [nio-8080-exec-2] c.f.p.services.impl.FeedServiceImpl      : Owner not found for post 6a52621f920b8d7968676e40
2026-07-17 08:42:13.532  WARN --- [nio-8080-exec-2] c.f.p.services.impl.FeedServiceImpl      : Owner not found for post 6a526187920b8d7968676e3f
2026-07-17 08:42:13.533  WARN --- [nio-8080-exec-2] c.f.p.services.impl.FeedServiceImpl      : Owner not found for post 6a52616b920b8d7968676e3e
2026-07-17 08:42:13.533  INFO --- [nio-8080-exec-2] c.f.p.services.impl.PostServiceImpl      : Lấy bài viết thành công, count=2
2026-07-17 08:42:13.533  INFO --- [nio-8080-exec-2] c.f.p.controller.PostController          : Lấy thông tin bài viết thành công
2026-07-17 08:42:13.540  INFO --- [nio-8080-exec-2] c.fsocial.postservice.config.AppConfig   : [DEBUG-AUTH] principal=6a5988731d7b1a1171ce6303, authorities=[ROLE_USER]
2026-07-17 08:42:13.616  INFO --- [nio-8080-exec-4] c.fsocial.postservice.config.AppConfig   : Request URI: /api/v1/actions
2026-07-17 08:42:14.410  INFO --- [nio-8080-exec-4] com.fsocial.postservice.util.PostUtils   : Ratio: 0.7692307692307693
2026-07-17 08:42:14.410  INFO --- [nio-8080-exec-4] com.fsocial.postservice.util.PostUtils   : Ratio: 0.5625
2026-07-17 08:42:14.410  WARN --- [nio-8080-exec-4] c.f.p.services.impl.FeedServiceImpl      : Owner not found for post 6a52621f920b8d7968676e40
2026-07-17 08:42:14.410  WARN --- [nio-8080-exec-4] c.f.p.services.impl.FeedServiceImpl      : Owner not found for post 6a526187920b8d7968676e3f
2026-07-17 08:42:14.410  WARN --- [nio-8080-exec-4] c.f.p.services.impl.FeedServiceImpl      : Owner not found for post 6a52616b920b8d7968676e3e
2026-07-17 08:42:14.410  INFO --- [nio-8080-exec-4] c.f.p.services.impl.PostServiceImpl      : Lấy bài viết thành công, count=2
2026-07-17 08:42:14.410  INFO --- [nio-8080-exec-4] c.f.p.controller.PostController          : Lấy thông tin bài viết thành công
2026-07-17 08:42:14.411  INFO --- [nio-8080-exec-4] c.fsocial.postservice.config.AppConfig   : [DEBUG-AUTH] principal=6a5988731d7b1a1171ce6303, authorities=[ROLE_USER]
2026-07-17 08:42:33.344  INFO --- [nio-8080-exec-5] c.fsocial.postservice.config.AppConfig   : Request URI: /api/v1/auth/google/login
2026-07-17 08:42:33.456  INFO --- [nio-8080-exec-5] c.f.p.s.impl.AuthenticationServiceImpl   : Google login for email: cangngooo123@gmail.com
2026-07-17 08:42:33.654  INFO --- [nio-8080-exec-5] c.f.p.services.impl.JwtServiceImpl       : [JWT-DEBUG] accountId=6a5988731d7b1a1171ce6303, username=cangngooo123@gmail.com, roleObj=com.fsocial.postservice.entity.Role@5ba1d27e, roleName=USER, scopeClaim='USER'
2026-07-17 08:42:34.148  INFO --- [nio-8080-exec-5] c.fsocial.postservice.config.AppConfig   : [DEBUG-AUTH] principal=anonymousUser, authorities=[ROLE_ANONYMOUS]
2026-07-17 08:42:34.661  INFO --- [nio-8080-exec-7] c.fsocial.postservice.config.AppConfig   : Request URI: /api/v1/notification/un-read
2026-07-17 08:42:34.661  INFO --- [nio-8080-exec-6] c.fsocial.postservice.config.AppConfig   : Request URI: /api/v1/notification
2026-07-17 08:42:34.705  INFO --- [nio-8080-exec-9] c.fsocial.postservice.config.AppConfig   : Request URI: /api/v1/profile
2026-07-17 08:42:34.711  INFO --- [nio-8080-exec-7] c.fsocial.postservice.config.AppConfig   : [DEBUG-AUTH] principal=6a5988731d7b1a1171ce6303, authorities=[ROLE_USER]
2026-07-17 08:42:34.808  INFO --- [nio-8080-exec-6] c.fsocial.postservice.config.AppConfig   : [DEBUG-AUTH] principal=6a5988731d7b1a1171ce6303, authorities=[ROLE_USER]
2026-07-17 08:42:35.057  INFO --- [nio-8080-exec-9] c.fsocial.postservice.config.AppConfig   : [DEBUG-AUTH] principal=6a5988731d7b1a1171ce6303, authorities=[ROLE_USER]
2026-07-17 08:42:35.134  INFO --- [io-8080-exec-10] c.fsocial.postservice.config.AppConfig   : Request URI: /api/v1/actions
2026-07-17 08:42:35.938  INFO --- [io-8080-exec-10] com.fsocial.postservice.util.PostUtils   : Ratio: 0.7692307692307693
2026-07-17 08:42:35.938  INFO --- [io-8080-exec-10] com.fsocial.postservice.util.PostUtils   : Ratio: 0.5625
2026-07-17 08:42:35.938  WARN --- [io-8080-exec-10] c.f.p.services.impl.FeedServiceImpl      : Owner not found for post 6a52621f920b8d7968676e40
2026-07-17 08:42:35.938  WARN --- [io-8080-exec-10] c.f.p.services.impl.FeedServiceImpl      : Owner not found for post 6a526187920b8d7968676e3f
2026-07-17 08:42:35.938  WARN --- [io-8080-exec-10] c.f.p.services.impl.FeedServiceImpl      : Owner not found for post 6a52616b920b8d7968676e3e
2026-07-17 08:42:35.938  INFO --- [io-8080-exec-10] c.f.p.services.impl.PostServiceImpl      : Lấy bài viết thành công, count=2
2026-07-17 08:42:35.938  INFO --- [io-8080-exec-10] c.f.p.controller.PostController          : Lấy thông tin bài viết thành công
2026-07-17 08:42:35.941  INFO --- [io-8080-exec-10] c.fsocial.postservice.config.AppConfig   : [DEBUG-AUTH] principal=6a5988731d7b1a1171ce6303, authorities=[ROLE_USER]
2026-07-17 08:42:35.995  INFO --- [nio-8080-exec-1] c.fsocial.postservice.config.AppConfig   : Request URI: /api/v1/actions
2026-07-17 08:42:36.774  INFO --- [nio-8080-exec-1] com.fsocial.postservice.util.PostUtils   : Ratio: 0.7692307692307693
2026-07-17 08:42:36.774  INFO --- [nio-8080-exec-1] com.fsocial.postservice.util.PostUtils   : Ratio: 0.5625
2026-07-17 08:42:36.774  WARN --- [nio-8080-exec-1] c.f.p.services.impl.FeedServiceImpl      : Owner not found for post 6a52621f920b8d7968676e40
2026-07-17 08:42:36.774  WARN --- [nio-8080-exec-1] c.f.p.services.impl.FeedServiceImpl      : Owner not found for post 6a526187920b8d7968676e3f
2026-07-17 08:42:36.774  WARN --- [nio-8080-exec-1] c.f.p.services.impl.FeedServiceImpl      : Owner not found for post 6a52616b920b8d7968676e3e
2026-07-17 08:42:36.774  INFO --- [nio-8080-exec-1] c.f.p.services.impl.PostServiceImpl      : Lấy bài viết thành công, count=2
2026-07-17 08:42:36.774  INFO --- [nio-8080-exec-1] c.f.p.controller.PostController          : Lấy thông tin bài viết thành công
2026-07-17 08:42:36.776  INFO --- [nio-8080-exec-1] c.fsocial.postservice.config.AppConfig   : [DEBUG-AUTH] principal=6a5988731d7b1a1171ce6303, authorities=[ROLE_USER]
2026-07-17 08:42:37.336  INFO --- [nio-8080-exec-2] c.fsocial.postservice.config.AppConfig   : Request URI: /api/v1/actions
2026-07-17 08:42:38.139  INFO --- [nio-8080-exec-2] com.fsocial.postservice.util.PostUtils   : Ratio: 0.7692307692307693
2026-07-17 08:42:38.139  INFO --- [nio-8080-exec-2] com.fsocial.postservice.util.PostUtils   : Ratio: 0.5625
2026-07-17 08:42:38.139  WARN --- [nio-8080-exec-2] c.f.p.services.impl.FeedServiceImpl      : Owner not found for post 6a52621f920b8d7968676e40
2026-07-17 08:42:38.139  WARN --- [nio-8080-exec-2] c.f.p.services.impl.FeedServiceImpl      : Owner not found for post 6a526187920b8d7968676e3f
2026-07-17 08:42:38.139  WARN --- [nio-8080-exec-2] c.f.p.services.impl.FeedServiceImpl      : Owner not found for post 6a52616b920b8d7968676e3e
2026-07-17 08:42:38.139  INFO --- [nio-8080-exec-2] c.f.p.services.impl.PostServiceImpl      : Lấy bài viết thành công, count=2
2026-07-17 08:42:38.139  INFO --- [nio-8080-exec-2] c.f.p.controller.PostController          : Lấy thông tin bài viết thành công
2026-07-17 08:42:38.140  INFO --- [nio-8080-exec-2] c.fsocial.postservice.config.AppConfig   : [DEBUG-AUTH] principal=6a5988731d7b1a1171ce6303, authorities=[ROLE_USER]
2026-07-17 08:58:23.224  INFO --- [ntContainer#0-2] o.s.a.r.l.SimpleMessageListenerContainer : Waiting for workers to finish.
2026-07-17 08:58:23.331  INFO --- [ntContainer#1-2] o.s.a.r.l.SimpleMessageListenerContainer : Waiting for workers to finish.
2026-07-17 08:58:23.432  INFO --- [ntContainer#2-2] o.s.a.r.l.SimpleMessageListenerContainer : Waiting for workers to finish.
2026-07-17 08:58:23.534  INFO --- [ntContainer#3-2] o.s.a.r.l.SimpleMessageListenerContainer : Waiting for workers to finish.
2026-07-17 08:58:23.637  INFO --- [ntContainer#4-2] o.s.a.r.l.SimpleMessageListenerContainer : Waiting for workers to finish.
2026-07-17 08:58:23.900  INFO --- [ntContainer#2-2] o.s.a.r.l.SimpleMessageListenerContainer : Successfully waited for workers to finish.
2026-07-17 08:58:23.900  INFO --- [ntContainer#4-2] o.s.a.r.l.SimpleMessageListenerContainer : Successfully waited for workers to finish.
2026-07-17 08:58:23.916  INFO --- [ntContainer#3-2] o.s.a.r.l.SimpleMessageListenerContainer : Successfully waited for workers to finish.
2026-07-17 08:58:23.976  INFO --- [ntContainer#0-2] o.s.a.r.l.SimpleMessageListenerContainer : Successfully waited for workers to finish.
2026-07-17 08:58:24.223  INFO --- [ntContainer#1-2] o.s.a.r.l.SimpleMessageListenerContainer : Successfully waited for workers to finish.
2026-07-17 08:58:24.224  INFO --- [ionShutdownHook] o.s.b.w.e.tomcat.GracefulShutdown        : Commencing graceful shutdown. Waiting for active requests to complete
2026-07-17 08:58:24.229  INFO --- [tomcat-shutdown] o.s.b.w.e.tomcat.GracefulShutdown        : Graceful shutdown complete
